-------------------------------------------------------------------------------
Test set: com.example.SE.Project.StudentControllerTest
-------------------------------------------------------------------------------
Tests run: 4, Failures: 0, Errors: 2, Skipped: 0, Time elapsed: 1.771 s <<< FAILURE! -- in com.example.SE.Project.StudentControllerTest
com.example.SE.Project.StudentControllerTest.testUploadFile_InvalidInvalidFormat -- Time elapsed: 1.624 s <<< ERROR!
org.mockito.exceptions.misusing.MissingMethodInvocationException: 

when() requires an argument which has to be 'a method call on a mock'.
For example:
    when(mock.getArticles()).thenReturn(articles);

Also, this error might show up because:
1. you stub either of: final/private/equals()/hashCode() methods.
   Those methods *cannot* be stubbed/verified.
   Mocking methods declared on non-public parent classes is not supported.
2. inside when() you don't call method on mock but on some other object.

	at com.example.SE.Project.StudentControllerTest.testUploadFile_InvalidInvalidFormat(StudentControllerTest.java:95)
	at java.base/java.lang.reflect.Method.invoke(Method.java:580)
	at java.base/java.util.ArrayList.forEach(ArrayList.java:1596)
	at java.base/java.util.ArrayList.forEach(ArrayList.java:1596)

com.example.SE.Project.StudentControllerTest.testUploadFile_EmptyFile -- Time elapsed: 0.006 s <<< ERROR!
org.mockito.exceptions.misusing.UnfinishedVerificationException: 

Missing method call for verify(mock) here:
-> at com.example.SE.Project.StudentControllerTest.testUploadFile_Success(StudentControllerTest.java:61)

Example of correct verification:
    verify(mock).doSomething()

Also, this error might show up because you verify either of: final/private/equals()/hashCode() methods.
Those methods *cannot* be stubbed/verified.
Mocking methods declared on non-public parent classes is not supported.

	at com.example.SE.Project.StudentControllerTest.setUp(StudentControllerTest.java:34)
	at java.base/java.lang.reflect.Method.invoke(Method.java:580)
	at java.base/java.util.ArrayList.forEach(ArrayList.java:1596)
	at java.base/java.util.ArrayList.forEach(ArrayList.java:1596)

