<?xml version="1.0" encoding="UTF-8"?>
<testsuite xmlns:xsi="http://www.w3.org/2001/XMLSchema-instance" xsi:noNamespaceSchemaLocation="https://maven.apache.org/surefire/maven-surefire-plugin/xsd/surefire-test-report-3.0.xsd" version="3.0" name="com.example.SE.Project.CourseControllerTest" time="6.619" tests="3" errors="2" skipped="0" failures="1">
  <properties>
[...]
</properties>
  <testcase name="testUploadInvalidFormatFile" classname="com.example.SE.Project.CourseControllerTest" time="0.11">
    <error message="&#10;when() requires an argument which has to be &apos;a method call on a mock&apos;.&#10;For example:&#10;    when(mock.getArticles()).thenReturn(articles);&#10;&#10;Also, this error might show up because:&#10;1. you stub either of: final/private/equals()/hashCode() methods.&#10;   Those methods *cannot* be stubbed/verified.&#10;   Mocking methods declared on non-public parent classes is not supported.&#10;2. inside when() you don&apos;t call method on mock but on some other object.&#10;" type="org.mockito.exceptions.misusing.MissingMethodInvocationException"><![CDATA[org.mockito.exceptions.misusing.MissingMethodInvocationException: 

when() requires an argument which has to be 'a method call on a mock'.
For example:
    when(mock.getArticles()).thenReturn(articles);

Also, this error might show up because:
1. you stub either of: final/private/equals()/hashCode() methods.
   Those methods *cannot* be stubbed/verified.
   Mocking methods declared on non-public parent classes is not supported.
2. inside when() you don't call method on mock but on some other object.

	at com.example.SE.Project.CourseControllerTest.testUploadInvalidFormatFile(CourseControllerTest.java:177)
	at java.base/java.lang.reflect.Method.invoke(Method.java:580)
	at java.base/java.util.ArrayList.forEach(ArrayList.java:1596)
	at java.base/java.util.ArrayList.forEach(ArrayList.java:1596)
]]></error>
    <system-out><![CDATA[08:44:41.074 [main] INFO org.springframework.test.context.support.AnnotationConfigContextLoaderUtils -- Could not detect default configuration classes for test class [com.example.SE.Project.CourseControllerTest]: CourseControllerTest does not declare any static, non-private, non-final, nested classes annotated with @Configuration.
08:44:41.182 [main] INFO org.springframework.boot.test.context.SpringBootTestContextBootstrapper -- Found @SpringBootConfiguration com.example.SE.Project.SeProjectApplication for test class com.example.SE.Project.CourseControllerTest

  .   ____          _            __ _ _
 /\\ / ___'_ __ _ _(_)_ __  __ _ \ \ \ \
( ( )\___ | '_ | '_| | '_ \/ _` | \ \ \ \
 \\/  ___)| |_)| | | | | || (_| |  ) ) ) )
  '  |____| .__|_| |_|_| |_\__, | / / / /
 =========|_|==============|___/=/_/_/_/
 :: Spring Boot ::                (v3.2.0)

2025-04-08T08:44:41.794+05:30  INFO 5412 --- [SE-Project] [           main] c.e.SE.Project.CourseControllerTest      : Starting CourseControllerTest using Java 21.0.2 with PID 5412 (started by shiva in E:\SE-Project)
2025-04-08T08:44:41.797+05:30  INFO 5412 --- [SE-Project] [           main] c.e.SE.Project.CourseControllerTest      : No active profile set, falling back to 1 default profile: "default"
2025-04-08T08:44:46.611+05:30 DEBUG 5412 --- [SE-Project] [           main] swordEncoderAuthenticationManagerBuilder : No authenticationProviders and no parentAuthenticationManager defined. Returning null.
2025-04-08T08:44:46.966+05:30  INFO 5412 --- [SE-Project] [           main] o.s.s.web.DefaultSecurityFilterChain     : Will secure any request with [org.springframework.security.web.session.DisableEncodeUrlFilter@38054d01, org.springframework.security.web.context.request.async.WebAsyncManagerIntegrationFilter@28ce75ec, org.springframework.security.web.context.SecurityContextHolderFilter@222d9d4f, org.springframework.security.web.header.HeaderWriterFilter@369ad7da, org.springframework.web.filter.CorsFilter@778113f2, org.springframework.security.web.csrf.CsrfFilter@3eec8583, org.springframework.security.web.authentication.logout.LogoutFilter@7f2c995b, org.springframework.security.oauth2.client.web.OAuth2AuthorizationRequestRedirectFilter@11ad095c, org.springframework.security.oauth2.client.web.OAuth2AuthorizationRequestRedirectFilter@118fbaf0, org.springframework.security.oauth2.client.web.OAuth2LoginAuthenticationFilter@370a8b6e, org.springframework.security.web.authentication.ui.DefaultLoginPageGeneratingFilter@528e5e38, org.springframework.security.web.authentication.ui.DefaultLogoutPageGeneratingFilter@9dc782d, org.springframework.security.web.savedrequest.RequestCacheAwareFilter@a4df251, org.springframework.security.web.servletapi.SecurityContextHolderAwareRequestFilter@71e7830a, org.springframework.security.web.authentication.AnonymousAuthenticationFilter@1ba35152, org.springframework.security.oauth2.client.web.OAuth2AuthorizationCodeGrantFilter@50b4364, org.springframework.security.web.access.ExceptionTranslationFilter@4fa8bebb, org.springframework.security.web.access.intercept.AuthorizationFilter@f10d055]
2025-04-08T08:44:47.107+05:30  INFO 5412 --- [SE-Project] [           main] o.s.b.t.m.w.SpringBootMockServletContext : Initializing Spring TestDispatcherServlet ''
2025-04-08T08:44:47.107+05:30  INFO 5412 --- [SE-Project] [           main] o.s.t.web.servlet.TestDispatcherServlet  : Initializing Servlet ''
2025-04-08T08:44:47.107+05:30  INFO 5412 --- [SE-Project] [           main] o.s.t.web.servlet.TestDispatcherServlet  : Completed initialization in 0 ms
2025-04-08T08:44:47.188+05:30  INFO 5412 --- [SE-Project] [           main] c.e.SE.Project.CourseControllerTest      : Started CourseControllerTest in 5.857 seconds (process running for 7.208)
]]></system-out>
    <system-err><![CDATA[WARNING: A Java agent has been loaded dynamically (C:\Users\shiva\.m2\repository\net\bytebuddy\byte-buddy-agent\1.14.10\byte-buddy-agent-1.14.10.jar)
WARNING: If a serviceability tool is in use, please run with -XX:+EnableDynamicAgentLoading to hide this warning
WARNING: If a serviceability tool is not in use, please run with -Djdk.instrument.traceUsage for more information
WARNING: Dynamic loading of agents will be disallowed by default in a future release
]]></system-err>
  </testcase>
  <testcase name="testUploadValidExcelFile" classname="com.example.SE.Project.CourseControllerTest" time="0.003">
    <error message="&#10;when() requires an argument which has to be &apos;a method call on a mock&apos;.&#10;For example:&#10;    when(mock.getArticles()).thenReturn(articles);&#10;&#10;Also, this error might show up because:&#10;1. you stub either of: final/private/equals()/hashCode() methods.&#10;   Those methods *cannot* be stubbed/verified.&#10;   Mocking methods declared on non-public parent classes is not supported.&#10;2. inside when() you don&apos;t call method on mock but on some other object.&#10;" type="org.mockito.exceptions.misusing.MissingMethodInvocationException"><![CDATA[org.mockito.exceptions.misusing.MissingMethodInvocationException: 

when() requires an argument which has to be 'a method call on a mock'.
For example:
    when(mock.getArticles()).thenReturn(articles);

Also, this error might show up because:
1. you stub either of: final/private/equals()/hashCode() methods.
   Those methods *cannot* be stubbed/verified.
   Mocking methods declared on non-public parent classes is not supported.
2. inside when() you don't call method on mock but on some other object.

	at com.example.SE.Project.CourseControllerTest.testUploadValidExcelFile(CourseControllerTest.java:140)
	at java.base/java.lang.reflect.Method.invoke(Method.java:580)
	at java.base/java.util.ArrayList.forEach(ArrayList.java:1596)
	at java.base/java.util.ArrayList.forEach(ArrayList.java:1596)
]]></error>
  </testcase>
  <testcase name="testUploadEmptyFile" classname="com.example.SE.Project.CourseControllerTest" time="0.075">
    <failure message="Status expected:&lt;400&gt; but was:&lt;403&gt;" type="java.lang.AssertionError"><![CDATA[java.lang.AssertionError: Status expected:<400> but was:<403>
	at org.springframework.test.util.AssertionErrors.fail(AssertionErrors.java:59)
	at org.springframework.test.util.AssertionErrors.assertEquals(AssertionErrors.java:122)
	at org.springframework.test.web.servlet.result.StatusResultMatchers.lambda$matcher$9(StatusResultMatchers.java:637)
	at org.springframework.test.web.servlet.MockMvc$1.andExpect(MockMvc.java:214)
	at com.example.SE.Project.CourseControllerTest.testUploadEmptyFile(CourseControllerTest.java:160)
	at java.base/java.lang.reflect.Method.invoke(Method.java:580)
	at java.base/java.util.ArrayList.forEach(ArrayList.java:1596)
	at java.base/java.util.ArrayList.forEach(ArrayList.java:1596)
]]></failure>
    <system-out><![CDATA[2025-04-08T08:44:47.391+05:30 DEBUG 5412 --- [SE-Project] [           main] o.s.security.web.FilterChainProxy        : Securing POST /api/swayam-courses/u
2025-04-08T08:44:47.391+05:30  WARN 5412 --- [SE-Project] [           main] o.s.w.s.h.HandlerMappingIntrospector     : Cache miss for REQUEST dispatch to '/api/swayam-courses/u' (previous null). Performing CorsConfiguration lookup. This is logged once only at WARN level, and every time at TRACE.
2025-04-08T08:44:47.413+05:30 DEBUG 5412 --- [SE-Project] [           main] o.s.security.web.csrf.CsrfFilter         : Invalid CSRF token found for http://localhost/api/swayam-courses/u
2025-04-08T08:44:47.413+05:30 DEBUG 5412 --- [SE-Project] [           main] o.s.s.w.access.AccessDeniedHandlerImpl   : Responding with 403 status code

MockHttpServletRequest:
      HTTP Method = POST
      Request URI = /api/swayam-courses/u
       Parameters = {}
          Headers = [Content-Type:"multipart/form-data;charset=UTF-8"]
             Body = null
    Session Attrs = {org.springframework.security.web.csrf.HttpSessionCsrfTokenRepository.CSRF_TOKEN=org.springframework.security.web.csrf.DefaultCsrfToken@6dc9a56e}

Handler:
             Type = null

Async:
    Async started = false
     Async result = null

Resolved Exception:
             Type = null

ModelAndView:
        View name = null
             View = null
            Model = null

FlashMap:
       Attributes = null

MockHttpServletResponse:
           Status = 403
    Error message = Forbidden
          Headers = [Vary:"Origin", "Access-Control-Request-Method", "Access-Control-Request-Headers", X-Content-Type-Options:"nosniff", X-XSS-Protection:"0", Cache-Control:"no-cache, no-store, max-age=0, must-revalidate", Pragma:"no-cache", Expires:"0", X-Frame-Options:"DENY"]
     Content type = null
             Body = 
    Forwarded URL = null
   Redirected URL = null
          Cookies = []
]]></system-out>
  </testcase>
</testsuite>